[    4515ms] [ERROR] Failed to load resource: the server responded with a status of 404 () @ https://bakkappan.github.io/favicon.ico:0
[   17312ms] [ERROR] Attestation check for Attribution Reporting on https://www.googleadservices.com failed. @ https://bakkappan.github.io/Testers-Talk-Practice-Site/:0
[   26102ms] TypeError: Cannot set properties of null (setting 'innerHTML')
    at renderEmployeeTable (https://bakkappan.github.io/Testers-Talk-Practice-Site/script.js:162:19)
    at loadEmployees (https://bakkappan.github.io/Testers-Talk-Practice-Site/script.js:178:3)
    at HTMLDocument.<anonymous> (https://bakkappan.github.io/Testers-Talk-Practice-Site/script.js:252:3)
[   39697ms] [ERROR] Attestation check for Attribution Reporting on https://www.googleadservices.com failed. @ https://bakkappan.github.io/Testers-Talk-Practice-Site/Banking-Project-Demo.html:0
[   39698ms] [ERROR] Attestation check for Attribution Reporting on https://www.googleadservices.com failed. @ https://bakkappan.github.io/Testers-Talk-Practice-Site/Banking-Project-Demo.html:0
[   39794ms] [ERROR] Attestation check for Attribution Reporting on https://www.googleadservices.com failed. @ https://bakkappan.github.io/Testers-Talk-Practice-Site/Banking-Project-Demo.html:0
[  102622ms] [ERROR] Attestation check for Attribution Reporting on https://www.googleadservices.com failed. @ https://bakkappan.github.io/Testers-Talk-Practice-Site/Banking-Project-Demo.html:0
[  102904ms] [ERROR] Attestation check for Attribution Reporting on https://www.googleadservices.com failed. @ https://bakkappan.github.io/Testers-Talk-Practice-Site/Banking-Project-Demo.html:0
[  103424ms] [ERROR] Attestation check for Attribution Reporting on https://www.googleadservices.com failed. @ https://bakkappan.github.io/Testers-Talk-Practice-Site/Banking-Project-Demo.html:0
[  161556ms] [ERROR] Attestation check for Attribution Reporting on https://www.googleadservices.com failed. @ https://bakkappan.github.io/Testers-Talk-Practice-Site/Banking-Project-Demo.html:0
[  161581ms] [ERROR] Attestation check for Attribution Reporting on https://www.googleadservices.com failed. @ https://bakkappan.github.io/Testers-Talk-Practice-Site/Banking-Project-Demo.html:0
[  161803ms] [ERROR] Attestation check for Attribution Reporting on https://www.googleadservices.com failed. @ https://bakkappan.github.io/Testers-Talk-Practice-Site/Banking-Project-Demo.html:0
[  163464ms] [ERROR] Attestation check for Attribution Reporting on https://www.googleadservices.com failed. @ https://bakkappan.github.io/Testers-Talk-Practice-Site/Banking-Project-Demo.html:0
[  178581ms] [ERROR] Permissions policy violation: compute-pressure is not allowed in this document. @ https://www.youtube.com/s/player/1ebf2aa6/player_embed_es6.vflset/en_US/base.js:5010
[  178581ms] [ERROR] Permissions policy violation: compute-pressure is not allowed in this document. @ https://www.youtube.com/s/player/1ebf2aa6/player_embed_es6.vflset/en_US/base.js:5010
[  196094ms] [ERROR] Attestation check for Attribution Reporting on https://www.googleadservices.com failed. @ https://bakkappan.github.io/Testers-Talk-Practice-Site/index.html:0
[  199448ms] [ERROR] Attestation check for Attribution Reporting on https://www.googleadservices.com failed. @ https://bakkappan.github.io/Testers-Talk-Practice-Site/index.html:0
[  206148ms] [ERROR] Attestation check for Attribution Reporting on https://www.googleadservices.com failed. @ https://bakkappan.github.io/Testers-Talk-Practice-Site/index.html:0
[  259770ms] [ERROR] Attestation check for Attribution Reporting on https://www.googleadservices.com failed. @ https://bakkappan.github.io/Testers-Talk-Practice-Site/index.html:0
[  263489ms] [ERROR] Attestation check for Attribution Reporting on https://www.googleadservices.com failed. @ https://bakkappan.github.io/Testers-Talk-Practice-Site/index.html:0
[  286189ms] [ERROR] Attestation check for Attribution Reporting on https://www.googleadservices.com failed. @ https://bakkappan.github.io/Testers-Talk-Practice-Site/index.html:0
[  291667ms] [ERROR] Permissions policy violation: compute-pressure is not allowed in this document. @ https://www.youtube.com/s/player/1ebf2aa6/player_embed_es6.vflset/en_US/base.js:5010
[  291697ms] [ERROR] Permissions policy violation: compute-pressure is not allowed in this document. @ https://www.youtube.com/s/player/1ebf2aa6/player_embed_es6.vflset/en_US/base.js:5010
[  292107ms] [ERROR] Attestation check for Attribution Reporting on https://www.googleadservices.com failed. @ https://bakkappan.github.io/Testers-Talk-Practice-Site/index.html:0
[  302793ms] [ERROR] Attestation check for Attribution Reporting on https://www.googleadservices.com failed. @ https://bakkappan.github.io/Testers-Talk-Practice-Site/index.html:0
[  325018ms] [ERROR] Attestation check for Attribution Reporting on https://www.googleadservices.com failed. @ https://bakkappan.github.io/Testers-Talk-Practice-Site/index.html:0
[  326438ms] [ERROR] Attestation check for Attribution Reporting on https://www.googleadservices.com failed. @ https://bakkappan.github.io/Testers-Talk-Practice-Site/index.html:0
[  386956ms] [ERROR] Attestation check for Attribution Reporting on https://www.googleadservices.com failed. @ https://bakkappan.github.io/Testers-Talk-Practice-Site/index.html:0
[  419881ms] [ERROR] Attestation check for Attribution Reporting on https://www.googleadservices.com failed. @ https://bakkappan.github.io/Testers-Talk-Practice-Site/index.html:0
[  439325ms] [ERROR] Attestation check for Attribution Reporting on https://www.googleadservices.com failed. @ https://bakkappan.github.io/Testers-Talk-Practice-Site/index.html:0
[  557534ms] [ERROR] Attestation check for Attribution Reporting on https://www.googleadservices.com failed. @ https://bakkappan.github.io/Testers-Talk-Practice-Site/index.html:0
[  561390ms] [ERROR] Attestation check for Attribution Reporting on https://www.googleadservices.com failed. @ https://bakkappan.github.io/Testers-Talk-Practice-Site/index.html:0
[  575419ms] [ERROR] Attestation check for Attribution Reporting on https://www.googleadservices.com failed. @ https://bakkappan.github.io/Testers-Talk-Practice-Site/index.html:0
[  584153ms] [ERROR] Attestation check for Attribution Reporting on https://www.googleadservices.com failed. @ https://bakkappan.github.io/Testers-Talk-Practice-Site/index.html:0
[  589984ms] [ERROR] Permissions policy violation: compute-pressure is not allowed in this document. @ https://www.youtube.com/s/player/1ebf2aa6/player_embed_es6.vflset/en_US/base.js:5010
[  601717ms] [ERROR] Attestation check for Attribution Reporting on https://www.googleadservices.com failed. @ https://bakkappan.github.io/Testers-Talk-Practice-Site/index.html:0
[  605873ms] [ERROR] Attestation check for Attribution Reporting on https://www.googleadservices.com failed. @ https://bakkappan.github.io/Testers-Talk-Practice-Site/index.html:0
[  743343ms] [ERROR] Attestation check for Attribution Reporting on https://www.googleadservices.com failed. @ https://bakkappan.github.io/Testers-Talk-Practice-Site/index.html:0
[  751152ms] [ERROR] Attestation check for Attribution Reporting on https://www.googleadservices.com failed. @ https://bakkappan.github.io/Testers-Talk-Practice-Site/index.html:0
[  760908ms] [ERROR] Attestation check for Attribution Reporting on https://www.googleadservices.com failed. @ https://bakkappan.github.io/Testers-Talk-Practice-Site/index.html:0
[  776006ms] [ERROR] Attestation check for Attribution Reporting on https://www.googleadservices.com failed. @ https://bakkappan.github.io/Testers-Talk-Practice-Site/index.html:0
[  776966ms] [ERROR] Permissions policy violation: compute-pressure is not allowed in this document. @ https://www.youtube.com/s/player/1ebf2aa6/player_embed_es6.vflset/en_US/base.js:5010
[  776981ms] [ERROR] Permissions policy violation: compute-pressure is not allowed in this document. @ https://www.youtube.com/s/player/1ebf2aa6/player_embed_es6.vflset/en_US/base.js:5010
[  790252ms] [ERROR] Attestation check for Attribution Reporting on https://www.googleadservices.com failed. @ https://bakkappan.github.io/Testers-Talk-Practice-Site/index.html:0
[  795976ms] [ERROR] Attestation check for Attribution Reporting on https://www.googleadservices.com failed. @ https://bakkappan.github.io/Testers-Talk-Practice-Site/index.html:0
[  817627ms] [ERROR] Attestation check for Attribution Reporting on https://www.googleadservices.com failed. @ https://bakkappan.github.io/Testers-Talk-Practice-Site/index.html:0
[  850872ms] [ERROR] Attestation check for Attribution Reporting on https://www.googleadservices.com failed. @ https://bakkappan.github.io/Testers-Talk-Practice-Site/index.html:0
[  875887ms] [ERROR] Attestation check for Attribution Reporting on https://www.googleadservices.com failed. @ https://bakkappan.github.io/Testers-Talk-Practice-Site/index.html:0
