[    6117ms] [ERROR] Failed to load resource: the server responded with a status of 404 () @ https://bakkappan.github.io/favicon.ico:0
[   17071ms] [ERROR] Attestation check for Attribution Reporting on https://www.googleadservices.com failed. @ https://bakkappan.github.io/Testers-Talk-Practice-Site/:0
[   17259ms] [ERROR] Attestation check for Attribution Reporting on https://www.googleadservices.com failed. @ https://bakkappan.github.io/Testers-Talk-Practice-Site/:0
[   33944ms] [ERROR] Attestation check for Attribution Reporting on https://www.googleadservices.com failed. @ https://bakkappan.github.io/Testers-Talk-Practice-Site/:0
[   51505ms] TypeError: Cannot set properties of null (setting 'innerHTML')
    at renderEmployeeTable (https://bakkappan.github.io/Testers-Talk-Practice-Site/script.js:162:19)
    at loadEmployees (https://bakkappan.github.io/Testers-Talk-Practice-Site/script.js:178:3)
    at HTMLDocument.<anonymous> (https://bakkappan.github.io/Testers-Talk-Practice-Site/script.js:252:3)
[   64526ms] [ERROR] Attestation check for Attribution Reporting on https://www.googleadservices.com failed. @ https://bakkappan.github.io/Testers-Talk-Practice-Site/Banking-Project-Demo.html:0
[   64526ms] [ERROR] Attestation check for Attribution Reporting on https://www.googleadservices.com failed. @ https://bakkappan.github.io/Testers-Talk-Practice-Site/Banking-Project-Demo.html:0
[   64618ms] [ERROR] Attestation check for Attribution Reporting on https://www.googleadservices.com failed. @ https://bakkappan.github.io/Testers-Talk-Practice-Site/Banking-Project-Demo.html:0
[   64622ms] [ERROR] Attestation check for Attribution Reporting on https://www.googleadservices.com failed. @ https://bakkappan.github.io/Testers-Talk-Practice-Site/Banking-Project-Demo.html:0
[   64712ms] [ERROR] Attestation check for Attribution Reporting on https://www.googleadservices.com failed. @ https://bakkappan.github.io/Testers-Talk-Practice-Site/Banking-Project-Demo.html:0
[   64717ms] [ERROR] Attestation check for Attribution Reporting on https://www.googleadservices.com failed. @ https://bakkappan.github.io/Testers-Talk-Practice-Site/Banking-Project-Demo.html:0
[  127253ms] [ERROR] Attestation check for Attribution Reporting on https://www.googleadservices.com failed. @ https://bakkappan.github.io/Testers-Talk-Practice-Site/Banking-Project-Demo.html#:0
[  127357ms] [ERROR] Attestation check for Attribution Reporting on https://www.googleadservices.com failed. @ https://bakkappan.github.io/Testers-Talk-Practice-Site/Banking-Project-Demo.html#:0
[  127424ms] [ERROR] Attestation check for Attribution Reporting on https://www.googleadservices.com failed. @ https://bakkappan.github.io/Testers-Talk-Practice-Site/Banking-Project-Demo.html#:0
[  127558ms] [ERROR] Attestation check for Attribution Reporting on https://www.googleadservices.com failed. @ https://bakkappan.github.io/Testers-Talk-Practice-Site/Banking-Project-Demo.html#:0
[  188662ms] [ERROR] Attestation check for Attribution Reporting on https://www.googleadservices.com failed. @ https://bakkappan.github.io/Testers-Talk-Practice-Site/Banking-Project-Demo.html#:0
[  189676ms] [ERROR] Attestation check for Attribution Reporting on https://www.googleadservices.com failed. @ https://bakkappan.github.io/Testers-Talk-Practice-Site/Banking-Project-Demo.html#:0
[  245891ms] [ERROR] Attestation check for Attribution Reporting on https://www.googleadservices.com failed. @ https://bakkappan.github.io/Testers-Talk-Practice-Site/index.html:0
[  312624ms] [ERROR] Attestation check for Attribution Reporting on https://www.googleadservices.com failed. @ https://bakkappan.github.io/Testers-Talk-Practice-Site/index.html:0
[  313711ms] [ERROR] Attestation check for Attribution Reporting on https://www.googleadservices.com failed. @ https://bakkappan.github.io/Testers-Talk-Practice-Site/index.html:0
[  337470ms] [ERROR] Attestation check for Attribution Reporting on https://www.googleadservices.com failed. @ https://bakkappan.github.io/Testers-Talk-Practice-Site/index.html:0
[  344911ms] [ERROR] Attestation check for Attribution Reporting on https://www.googleadservices.com failed. @ https://bakkappan.github.io/Testers-Talk-Practice-Site/index.html:0
[  355694ms] [ERROR] Attestation check for Attribution Reporting on https://www.googleadservices.com failed. @ https://bakkappan.github.io/Testers-Talk-Practice-Site/index.html:0
